<?xml version="1.0" encoding="utf-8"?>
<report xmlns:xsd="http://www.w3.org/2001/XMLSchema" xmlns:xsi="http://www.w3.org/2001/XMLSchema-instance" xmlns="http://www.gallio.org/">
  <testPackage shadowCopy="false" debug="false">
    <files>
      <file>C:\Users\msobat\Documents\Visual Studio 2013\Projects\DocumentCentreTests\DocumentCentreTests\bin\Debug\DocumentCentreTests.dll</file>
    </files>
    <hintDirectories />
    <excludedFrameworkIds />
    <properties />
  </testPackage>
  <testModel>
    <test id="c2722843734a7a54" name="Root" fullName="" isTestCase="false">
      <codeReference />
      <codeLocation />
      <metadata>
        <entry key="TestKind">
          <value>Root</value>
        </entry>
      </metadata>
      <children>
        <test id="c1d55da997a3b89b" name="DocumentCentreTests" fullName="DocumentCentreTests" isTestCase="false">
          <codeReference assembly="DocumentCentreTests, Version=1.0.0.0, Culture=neutral, PublicKeyToken=null" />
          <codeLocation path="C:\Users\msobat\Documents\Visual Studio 2013\Projects\DocumentCentreTests\DocumentCentreTests\bin\Debug\DocumentCentreTests.DLL" />
          <metadata>
            <entry key="TestKind">
              <value>MbUnit v3 Assembly</value>
            </entry>
            <entry key="File">
              <value>C:\Users\msobat\Documents\Visual Studio 2013\Projects\DocumentCentreTests\DocumentCentreTests\bin\Debug\DocumentCentreTests.DLL</value>
            </entry>
            <entry key="CodeBase">
              <value>C:\Users\msobat\Documents\Visual Studio 2013\Projects\DocumentCentreTests\DocumentCentreTests\bin\Debug\DocumentCentreTests.DLL</value>
            </entry>
            <entry key="Copyright">
              <value>Copyright ©  2015</value>
            </entry>
            <entry key="FileVersion">
              <value>1.0.0.0</value>
            </entry>
            <entry key="Product">
              <value>DocumentCentreTests</value>
            </entry>
            <entry key="Title">
              <value>DocumentCentreTests</value>
            </entry>
            <entry key="Version">
              <value>1.0.0.0</value>
            </entry>
            <entry key="Framework">
              <value>MbUnit v3.4 build 11</value>
            </entry>
          </metadata>
          <children>
            <test id="354ab0d18f85c7a3" name="DocumentCentreTests" fullName="DocumentCentreTests/DocumentCentreTests" isTestCase="false">
              <codeReference assembly="DocumentCentreTests, Version=1.0.0.0, Culture=neutral, PublicKeyToken=null" namespace="DocumentCentreTests" type="DocumentCentreTests.DocumentCentreTests" />
              <codeLocation path="c:\Users\msobat\Documents\Visual Studio 2013\Projects\DocumentCentreTests\DocumentCentreTests\DocumentCentreTests.cs" />
              <metadata>
                <entry key="TestKind">
                  <value>Fixture</value>
                </entry>
              </metadata>
              <children>
                <test id="e8e8b2078061c12b" name="MemberOrderFromCatalog" fullName="DocumentCentreTests/DocumentCentreTests/MemberOrderFromCatalog" isTestCase="true">
                  <codeReference assembly="DocumentCentreTests, Version=1.0.0.0, Culture=neutral, PublicKeyToken=null" namespace="DocumentCentreTests" type="DocumentCentreTests.DocumentCentreTests" member="MemberOrderFromCatalog" />
                  <codeLocation path="c:\Users\msobat\Documents\Visual Studio 2013\Projects\DocumentCentreTests\DocumentCentreTests\DocumentCentreTests.cs" line="84" />
                  <metadata>
                    <entry key="TestKind">
                      <value>Test</value>
                    </entry>
                  </metadata>
                  <children />
                  <parameters>
                    <parameter id="e8e8b2078061c12b@browser" name="browser">
                      <codeReference assembly="DocumentCentreTests, Version=1.0.0.0, Culture=neutral, PublicKeyToken=null" namespace="DocumentCentreTests" type="DocumentCentreTests.DocumentCentreTests" member="MemberOrderFromCatalog" parameter="browser" />
                      <codeLocation />
                      <metadata />
                    </parameter>
                    <parameter id="e8e8b2078061c12b@version" name="version">
                      <codeReference assembly="DocumentCentreTests, Version=1.0.0.0, Culture=neutral, PublicKeyToken=null" namespace="DocumentCentreTests" type="DocumentCentreTests.DocumentCentreTests" member="MemberOrderFromCatalog" parameter="version" />
                      <codeLocation />
                      <metadata />
                    </parameter>
                    <parameter id="e8e8b2078061c12b@platform" name="platform">
                      <codeReference assembly="DocumentCentreTests, Version=1.0.0.0, Culture=neutral, PublicKeyToken=null" namespace="DocumentCentreTests" type="DocumentCentreTests.DocumentCentreTests" member="MemberOrderFromCatalog" parameter="platform" />
                      <codeLocation />
                      <metadata />
                    </parameter>
                  </parameters>
                </test>
              </children>
              <parameters />
            </test>
          </children>
          <parameters />
        </test>
      </children>
      <parameters />
    </test>
    <annotations />
  </testModel>
  <testPackageRun startTime="2015-10-15T11:30:09.2037185-04:00" endTime="2015-10-15T11:30:34.1710433-04:00">
    <testStepRun startTime="2015-10-15T11:30:10.8044516-04:00" endTime="2015-10-15T11:30:34.1720446-04:00">
      <testStep id="7f19892fa114b731" name="Root" fullName="" testId="c2722843734a7a54" isPrimary="true" isTestCase="false" isDynamic="false">
        <codeReference />
        <codeLocation />
        <metadata>
          <entry key="TestKind">
            <value>Root</value>
          </entry>
        </metadata>
      </testStep>
      <children>
        <testStepRun startTime="2015-10-15T11:30:10.846479-04:00" endTime="2015-10-15T11:30:34.1150052-04:00">
          <testStep id="ea5219219db7fd06" name="DocumentCentreTests" fullName="DocumentCentreTests" testId="c1d55da997a3b89b" isPrimary="true" isTestCase="false" isDynamic="false">
            <codeReference assembly="DocumentCentreTests, Version=1.0.0.0, Culture=neutral, PublicKeyToken=null" />
            <codeLocation path="C:\Users\msobat\Documents\Visual Studio 2013\Projects\DocumentCentreTests\DocumentCentreTests\bin\Debug\DocumentCentreTests.DLL" />
            <metadata>
              <entry key="TestKind">
                <value>MbUnit v3 Assembly</value>
              </entry>
              <entry key="File">
                <value>C:\Users\msobat\Documents\Visual Studio 2013\Projects\DocumentCentreTests\DocumentCentreTests\bin\Debug\DocumentCentreTests.DLL</value>
              </entry>
              <entry key="CodeBase">
                <value>C:\Users\msobat\Documents\Visual Studio 2013\Projects\DocumentCentreTests\DocumentCentreTests\bin\Debug\DocumentCentreTests.DLL</value>
              </entry>
              <entry key="Copyright">
                <value>Copyright ©  2015</value>
              </entry>
              <entry key="FileVersion">
                <value>1.0.0.0</value>
              </entry>
              <entry key="Product">
                <value>DocumentCentreTests</value>
              </entry>
              <entry key="Title">
                <value>DocumentCentreTests</value>
              </entry>
              <entry key="Version">
                <value>1.0.0.0</value>
              </entry>
              <entry key="Framework">
                <value>MbUnit v3.4 build 11</value>
              </entry>
            </metadata>
          </testStep>
          <children>
            <testStepRun startTime="2015-10-15T11:30:10.8684949-04:00" endTime="2015-10-15T11:30:34.1120029-04:00">
              <testStep id="dde1443bb5e984d4" name="DocumentCentreTests" fullName="DocumentCentreTests/DocumentCentreTests" testId="354ab0d18f85c7a3" isPrimary="true" isTestCase="false" isDynamic="false">
                <codeReference assembly="DocumentCentreTests, Version=1.0.0.0, Culture=neutral, PublicKeyToken=null" namespace="DocumentCentreTests" type="DocumentCentreTests.DocumentCentreTests" />
                <codeLocation path="c:\Users\msobat\Documents\Visual Studio 2013\Projects\DocumentCentreTests\DocumentCentreTests\DocumentCentreTests.cs" />
                <metadata>
                  <entry key="TestKind">
                    <value>Fixture</value>
                  </entry>
                </metadata>
              </testStep>
              <children>
                <testStepRun startTime="2015-10-15T11:30:10.8835072-04:00" endTime="2015-10-15T11:30:34.0799809-04:00">
                  <testStep id="5b78a4d5ac93dc3a" name="MemberOrderFromCatalog" fullName="DocumentCentreTests/DocumentCentreTests/MemberOrderFromCatalog" testId="e8e8b2078061c12b" isPrimary="true" isTestCase="false" isDynamic="false">
                    <codeReference assembly="DocumentCentreTests, Version=1.0.0.0, Culture=neutral, PublicKeyToken=null" namespace="DocumentCentreTests" type="DocumentCentreTests.DocumentCentreTests" member="MemberOrderFromCatalog" />
                    <codeLocation path="c:\Users\msobat\Documents\Visual Studio 2013\Projects\DocumentCentreTests\DocumentCentreTests\DocumentCentreTests.cs" line="84" />
                    <metadata>
                      <entry key="TestKind">
                        <value>Test</value>
                      </entry>
                    </metadata>
                  </testStep>
                  <children>
                    <testStepRun startTime="2015-10-15T11:30:10.9265351-04:00" endTime="2015-10-15T11:30:33.968829-04:00">
                      <testStep id="829b68ce9b61761e" name="MemberOrderFromCatalog(&quot;chrome&quot;, &quot;35&quot;, &quot;linux&quot;)" fullName="DocumentCentreTests/DocumentCentreTests/MemberOrderFromCatalog/MemberOrderFromCatalog(&quot;chrome&quot;, &quot;35&quot;, &quot;linux&quot;)" testId="e8e8b2078061c12b" isPrimary="false" isTestCase="true" isDynamic="false">
                        <codeReference assembly="DocumentCentreTests, Version=1.0.0.0, Culture=neutral, PublicKeyToken=null" namespace="DocumentCentreTests" type="DocumentCentreTests.DocumentCentreTests" member="MemberOrderFromCatalog" />
                        <codeLocation path="c:\Users\msobat\Documents\Visual Studio 2013\Projects\DocumentCentreTests\DocumentCentreTests\DocumentCentreTests.cs" line="84" />
                        <metadata>
                          <entry key="TestKind">
                            <value>Test</value>
                          </entry>
                        </metadata>
                      </testStep>
                      <children />
                      <result assertCount="2" duration="23.015160599999998">
                        <outcome status="failed" />
                      </result>
                      <testLog>
                        <streams>
                          <stream name="Failures">
                            <body>
                              <contents>
                                <marker class="AssertionFailure">
                                  <contents>
                                    <section name="Expected a string to exactly match a regular expression pattern.">
                                      <contents>
                                        <text><![CDATA[
]]></text>
                                        <marker class="Monospace">
                                          <contents>
                                            <marker class="Label">
                                              <contents>
                                                <text><![CDATA[Actual Value  : ]]></text>
                                              </contents>
                                              <attributes />
                                            </marker>
                                            <text><![CDATA["http://portal.test-web01.lbmx.com/Orders/Select/Catalog/#Tiles"
]]></text>
                                            <marker class="Label">
                                              <contents>
                                                <text><![CDATA[Regex Pattern : ]]></text>
                                              </contents>
                                              <attributes />
                                            </marker>
                                            <text><![CDATA["http://portal.test-web01.lbmx.com/Orders/Select/Catalog/"
]]></text>
                                          </contents>
                                          <attributes />
                                        </marker>
                                        <text><![CDATA[
]]></text>
                                        <marker class="StackTrace">
                                          <contents>
                                            <text><![CDATA[   at DocumentCentreTests.DocumentCentreTests.MemberOrderFromCatalog(String browser, String version, String platform) in ]]></text>
                                            <marker class="CodeLocation">
                                              <contents>
                                                <text><![CDATA[c:\Users\msobat\Documents\Visual Studio 2013\Projects\DocumentCentreTests\DocumentCentreTests\DocumentCentreTests.cs:line 95]]></text>
                                              </contents>
                                              <attributes>
                                                <attribute name="line" value="95" />
                                                <attribute name="path" value="c:\Users\msobat\Documents\Visual Studio 2013\Projects\DocumentCentreTests\DocumentCentreTests\DocumentCentreTests.cs" />
                                              </attributes>
                                            </marker>
                                            <text><![CDATA[
   at System.Threading.ExecutionContext.RunInternal(ExecutionContext executionContext, ContextCallback callback, Object state, Boolean preserveSyncCtx)
   at System.Threading.ExecutionContext.Run(ExecutionContext executionContext, ContextCallback callback, Object state, Boolean preserveSyncCtx)
   at System.Threading.QueueUserWorkItemCallback.System.Threading.IThreadPoolWorkItem.ExecuteWorkItem()
   at System.Threading.ThreadPoolWorkQueue.Dispatch()]]></text>
                                          </contents>
                                          <attributes />
                                        </marker>
                                        <text><![CDATA[
]]></text>
                                      </contents>
                                    </section>
                                  </contents>
                                  <attributes />
                                </marker>
                              </contents>
                            </body>
                          </stream>
                        </streams>
                        <attachments />
                      </testLog>
                    </testStepRun>
                    <testStepRun startTime="2015-10-15T11:30:10.9285369-04:00" endTime="2015-10-15T11:30:34.0769782-04:00">
                      <testStep id="285dad862524e7e5" name="MemberOrderFromCatalog(&quot;internet explorer&quot;, &quot;11&quot;, &quot;Windows 7&quot;)" fullName="DocumentCentreTests/DocumentCentreTests/MemberOrderFromCatalog/MemberOrderFromCatalog(&quot;internet explorer&quot;, &quot;11&quot;, &quot;Windows 7&quot;)" testId="e8e8b2078061c12b" isPrimary="false" isTestCase="true" isDynamic="false">
                        <codeReference assembly="DocumentCentreTests, Version=1.0.0.0, Culture=neutral, PublicKeyToken=null" namespace="DocumentCentreTests" type="DocumentCentreTests.DocumentCentreTests" member="MemberOrderFromCatalog" />
                        <codeLocation path="c:\Users\msobat\Documents\Visual Studio 2013\Projects\DocumentCentreTests\DocumentCentreTests\DocumentCentreTests.cs" line="84" />
                        <metadata>
                          <entry key="TestKind">
                            <value>Test</value>
                          </entry>
                        </metadata>
                      </testStep>
                      <children />
                      <result assertCount="2" duration="23.1274172">
                        <outcome status="passed" />
                      </result>
                      <testLog>
                        <streams />
                        <attachments />
                      </testLog>
                    </testStepRun>
                    <testStepRun startTime="2015-10-15T11:30:10.9315388-04:00" endTime="2015-10-15T11:30:29.2752845-04:00">
                      <testStep id="2084ef1d0f5b73f0" name="MemberOrderFromCatalog(&quot;safari&quot;, &quot;6&quot;, &quot;OS X 10.8&quot;)" fullName="DocumentCentreTests/DocumentCentreTests/MemberOrderFromCatalog/MemberOrderFromCatalog(&quot;safari&quot;, &quot;6&quot;, &quot;OS X 10.8&quot;)" testId="e8e8b2078061c12b" isPrimary="false" isTestCase="true" isDynamic="false">
                        <codeReference assembly="DocumentCentreTests, Version=1.0.0.0, Culture=neutral, PublicKeyToken=null" namespace="DocumentCentreTests" type="DocumentCentreTests.DocumentCentreTests" member="MemberOrderFromCatalog" />
                        <codeLocation path="c:\Users\msobat\Documents\Visual Studio 2013\Projects\DocumentCentreTests\DocumentCentreTests\DocumentCentreTests.cs" line="84" />
                        <metadata>
                          <entry key="TestKind">
                            <value>Test</value>
                          </entry>
                        </metadata>
                      </testStep>
                      <children />
                      <result assertCount="1" duration="18.3485955">
                        <outcome status="failed" />
                      </result>
                      <testLog>
                        <streams>
                          <stream name="Failures">
                            <body>
                              <contents>
                                <marker class="AssertionFailure">
                                  <contents>
                                    <section name="Expected a string to exactly match a regular expression pattern.">
                                      <contents>
                                        <text><![CDATA[
]]></text>
                                        <marker class="Monospace">
                                          <contents>
                                            <marker class="Label">
                                              <contents>
                                                <text><![CDATA[Actual Value  : ]]></text>
                                              </contents>
                                              <attributes />
                                            </marker>
                                            <text><![CDATA["http://portal.test-web01.lbmx.com/login?redirect=%2f"
]]></text>
                                            <marker class="Label">
                                              <contents>
                                                <text><![CDATA[Regex Pattern : ]]></text>
                                              </contents>
                                              <attributes />
                                            </marker>
                                            <text><![CDATA["http://portal.test-web01.lbmx.com/"
]]></text>
                                          </contents>
                                          <attributes />
                                        </marker>
                                        <text><![CDATA[
]]></text>
                                        <marker class="StackTrace">
                                          <contents>
                                            <text><![CDATA[   at DocumentCentreTests.HelperMethods.Login(IWebDriver driver, String username, String password) in ]]></text>
                                            <marker class="CodeLocation">
                                              <contents>
                                                <text><![CDATA[c:\Users\msobat\Documents\Visual Studio 2013\Projects\DocumentCentreTests\DocumentCentreTests\HelperMethods.cs:line 32]]></text>
                                              </contents>
                                              <attributes>
                                                <attribute name="line" value="32" />
                                                <attribute name="path" value="c:\Users\msobat\Documents\Visual Studio 2013\Projects\DocumentCentreTests\DocumentCentreTests\HelperMethods.cs" />
                                              </attributes>
                                            </marker>
                                            <text><![CDATA[
   at DocumentCentreTests.DocumentCentreTests.MemberOrderFromCatalog(String browser, String version, String platform) in ]]></text>
                                            <marker class="CodeLocation">
                                              <contents>
                                                <text><![CDATA[c:\Users\msobat\Documents\Visual Studio 2013\Projects\DocumentCentreTests\DocumentCentreTests\DocumentCentreTests.cs:line 88]]></text>
                                              </contents>
                                              <attributes>
                                                <attribute name="line" value="88" />
                                                <attribute name="path" value="c:\Users\msobat\Documents\Visual Studio 2013\Projects\DocumentCentreTests\DocumentCentreTests\DocumentCentreTests.cs" />
                                              </attributes>
                                            </marker>
                                            <text><![CDATA[
   at System.Threading.ExecutionContext.RunInternal(ExecutionContext executionContext, ContextCallback callback, Object state, Boolean preserveSyncCtx)
   at System.Threading.ExecutionContext.Run(ExecutionContext executionContext, ContextCallback callback, Object state, Boolean preserveSyncCtx)
   at System.Threading.ExecutionContext.Run(ExecutionContext executionContext, ContextCallback callback, Object state)
   at System.Threading.ThreadHelper.ThreadStart()]]></text>
                                          </contents>
                                          <attributes />
                                        </marker>
                                        <text><![CDATA[
]]></text>
                                      </contents>
                                    </section>
                                  </contents>
                                  <attributes />
                                </marker>
                              </contents>
                            </body>
                          </stream>
                        </streams>
                        <attachments />
                      </testLog>
                    </testStepRun>
                  </children>
                  <result assertCount="5" duration="23.192270399999998">
                    <outcome status="failed" />
                  </result>
                  <testLog>
                    <streams />
                    <attachments />
                  </testLog>
                </testStepRun>
              </children>
              <result assertCount="5" duration="23.2404768">
                <outcome status="failed" />
              </result>
              <testLog>
                <streams />
                <attachments />
              </testLog>
            </testStepRun>
          </children>
          <result assertCount="5" duration="23.267395099999998">
            <outcome status="failed" />
          </result>
          <testLog>
            <streams />
            <attachments />
          </testLog>
        </testStepRun>
      </children>
      <result assertCount="5" duration="24.9662074">
        <outcome status="failed" />
      </result>
      <testLog>
        <streams />
        <attachments />
      </testLog>
    </testStepRun>
    <statistics assertCount="5" duration="24.9684962" runCount="3" passedCount="1" failedCount="2" inconclusiveCount="0" skippedCount="0" testCount="3" stepCount="7">
      <outcomeSummaries>
        <outcomeSummary count="2">
          <outcome status="failed" />
        </outcomeSummary>
        <outcomeSummary count="1">
          <outcome status="passed" />
        </outcomeSummary>
      </outcomeSummaries>
    </statistics>
  </testPackageRun>
  <logEntries>
    <logEntry severity="info" message="Host started at 10/15/15 11:30:09 AM." />
    <logEntry severity="info" message="Running under CLR v4.0.30319 runtime." />
    <logEntry severity="debug" message="Listening for connections on IPC port: 'IsolatedProcessHost.ac27f9dd82bf5fca'" />
    <logEntry severity="info" message="Host stopped at 10/15/15 11:30:34 AM." />
    <logEntry severity="info" message="Host process exited with code: 0" />
  </logEntries>
</report>