<?xml version="1.0" encoding="utf-8"?>
<report xmlns:xsd="http://www.w3.org/2001/XMLSchema" xmlns:xsi="http://www.w3.org/2001/XMLSchema-instance" xmlns="http://www.gallio.org/">
  <testPackage shadowCopy="false" debug="false">
    <files>
      <file>C:\Users\msobat\Documents\Visual Studio 2013\Projects\DocumentCentreTests\DocumentCentreTests\bin\Debug\DocumentCentreTests.dll</file>
    </files>
    <hintDirectories />
    <excludedFrameworkIds />
    <properties />
  </testPackage>
  <testModel>
    <test id="c2722843734a7a54" name="Root" fullName="" isTestCase="false">
      <codeReference />
      <codeLocation />
      <metadata>
        <entry key="TestKind">
          <value>Root</value>
        </entry>
      </metadata>
      <children>
        <test id="c1d55da997a3b89b" name="DocumentCentreTests" fullName="DocumentCentreTests" isTestCase="false">
          <codeReference assembly="DocumentCentreTests, Version=1.0.0.0, Culture=neutral, PublicKeyToken=null" />
          <codeLocation path="C:\Users\msobat\Documents\Visual Studio 2013\Projects\DocumentCentreTests\DocumentCentreTests\bin\Debug\DocumentCentreTests.DLL" />
          <metadata>
            <entry key="TestKind">
              <value>MbUnit v3 Assembly</value>
            </entry>
            <entry key="File">
              <value>C:\Users\msobat\Documents\Visual Studio 2013\Projects\DocumentCentreTests\DocumentCentreTests\bin\Debug\DocumentCentreTests.DLL</value>
            </entry>
            <entry key="CodeBase">
              <value>C:\Users\msobat\Documents\Visual Studio 2013\Projects\DocumentCentreTests\DocumentCentreTests\bin\Debug\DocumentCentreTests.DLL</value>
            </entry>
            <entry key="Copyright">
              <value>Copyright ©  2015</value>
            </entry>
            <entry key="FileVersion">
              <value>1.0.0.0</value>
            </entry>
            <entry key="Product">
              <value>DocumentCentreTests</value>
            </entry>
            <entry key="Title">
              <value>DocumentCentreTests</value>
            </entry>
            <entry key="Version">
              <value>1.0.0.0</value>
            </entry>
            <entry key="Framework">
              <value>MbUnit v3.4 build 11</value>
            </entry>
          </metadata>
          <children>
            <test id="354ab0d18f85c7a3" name="DocumentCentreTests" fullName="DocumentCentreTests/DocumentCentreTests" isTestCase="false">
              <codeReference assembly="DocumentCentreTests, Version=1.0.0.0, Culture=neutral, PublicKeyToken=null" namespace="DocumentCentreTests" type="DocumentCentreTests.DocumentCentreTests" />
              <codeLocation path="c:\Users\msobat\Documents\Visual Studio 2013\Projects\DocumentCentreTests\DocumentCentreTests\DocumentCentreTests.cs" />
              <metadata>
                <entry key="TestKind">
                  <value>Fixture</value>
                </entry>
              </metadata>
              <children>
                <test id="e8e8b2078061c12b" name="MemberOrderFromCatalog" fullName="DocumentCentreTests/DocumentCentreTests/MemberOrderFromCatalog" isTestCase="true">
                  <codeReference assembly="DocumentCentreTests, Version=1.0.0.0, Culture=neutral, PublicKeyToken=null" namespace="DocumentCentreTests" type="DocumentCentreTests.DocumentCentreTests" member="MemberOrderFromCatalog" />
                  <codeLocation path="c:\Users\msobat\Documents\Visual Studio 2013\Projects\DocumentCentreTests\DocumentCentreTests\DocumentCentreTests.cs" line="84" />
                  <metadata>
                    <entry key="TestKind">
                      <value>Test</value>
                    </entry>
                  </metadata>
                  <children />
                  <parameters>
                    <parameter id="e8e8b2078061c12b@browser" name="browser">
                      <codeReference assembly="DocumentCentreTests, Version=1.0.0.0, Culture=neutral, PublicKeyToken=null" namespace="DocumentCentreTests" type="DocumentCentreTests.DocumentCentreTests" member="MemberOrderFromCatalog" parameter="browser" />
                      <codeLocation />
                      <metadata />
                    </parameter>
                    <parameter id="e8e8b2078061c12b@version" name="version">
                      <codeReference assembly="DocumentCentreTests, Version=1.0.0.0, Culture=neutral, PublicKeyToken=null" namespace="DocumentCentreTests" type="DocumentCentreTests.DocumentCentreTests" member="MemberOrderFromCatalog" parameter="version" />
                      <codeLocation />
                      <metadata />
                    </parameter>
                    <parameter id="e8e8b2078061c12b@platform" name="platform">
                      <codeReference assembly="DocumentCentreTests, Version=1.0.0.0, Culture=neutral, PublicKeyToken=null" namespace="DocumentCentreTests" type="DocumentCentreTests.DocumentCentreTests" member="MemberOrderFromCatalog" parameter="platform" />
                      <codeLocation />
                      <metadata />
                    </parameter>
                  </parameters>
                </test>
              </children>
              <parameters />
            </test>
          </children>
          <parameters />
        </test>
      </children>
      <parameters />
    </test>
    <annotations />
  </testModel>
  <testPackageRun startTime="2015-10-15T11:39:47.7919793-04:00" endTime="2015-10-15T11:40:13.0195794-04:00">
    <testStepRun startTime="2015-10-15T11:39:49.4855419-04:00" endTime="2015-10-15T11:40:13.0205794-04:00">
      <testStep id="181f4adaf9f244b2" name="Root" fullName="" testId="c2722843734a7a54" isPrimary="true" isTestCase="false" isDynamic="false">
        <codeReference />
        <codeLocation />
        <metadata>
          <entry key="TestKind">
            <value>Root</value>
          </entry>
        </metadata>
      </testStep>
      <children>
        <testStepRun startTime="2015-10-15T11:39:49.5245654-04:00" endTime="2015-10-15T11:40:12.9345236-04:00">
          <testStep id="f9a101a228010219" name="DocumentCentreTests" fullName="DocumentCentreTests" testId="c1d55da997a3b89b" isPrimary="true" isTestCase="false" isDynamic="false">
            <codeReference assembly="DocumentCentreTests, Version=1.0.0.0, Culture=neutral, PublicKeyToken=null" />
            <codeLocation path="C:\Users\msobat\Documents\Visual Studio 2013\Projects\DocumentCentreTests\DocumentCentreTests\bin\Debug\DocumentCentreTests.DLL" />
            <metadata>
              <entry key="TestKind">
                <value>MbUnit v3 Assembly</value>
              </entry>
              <entry key="File">
                <value>C:\Users\msobat\Documents\Visual Studio 2013\Projects\DocumentCentreTests\DocumentCentreTests\bin\Debug\DocumentCentreTests.DLL</value>
              </entry>
              <entry key="CodeBase">
                <value>C:\Users\msobat\Documents\Visual Studio 2013\Projects\DocumentCentreTests\DocumentCentreTests\bin\Debug\DocumentCentreTests.DLL</value>
              </entry>
              <entry key="Copyright">
                <value>Copyright ©  2015</value>
              </entry>
              <entry key="FileVersion">
                <value>1.0.0.0</value>
              </entry>
              <entry key="Product">
                <value>DocumentCentreTests</value>
              </entry>
              <entry key="Title">
                <value>DocumentCentreTests</value>
              </entry>
              <entry key="Version">
                <value>1.0.0.0</value>
              </entry>
              <entry key="Framework">
                <value>MbUnit v3.4 build 11</value>
              </entry>
            </metadata>
          </testStep>
          <children>
            <testStepRun startTime="2015-10-15T11:39:49.5465822-04:00" endTime="2015-10-15T11:40:12.9325227-04:00">
              <testStep id="be6f0c619118c7e" name="DocumentCentreTests" fullName="DocumentCentreTests/DocumentCentreTests" testId="354ab0d18f85c7a3" isPrimary="true" isTestCase="false" isDynamic="false">
                <codeReference assembly="DocumentCentreTests, Version=1.0.0.0, Culture=neutral, PublicKeyToken=null" namespace="DocumentCentreTests" type="DocumentCentreTests.DocumentCentreTests" />
                <codeLocation path="c:\Users\msobat\Documents\Visual Studio 2013\Projects\DocumentCentreTests\DocumentCentreTests\DocumentCentreTests.cs" />
                <metadata>
                  <entry key="TestKind">
                    <value>Fixture</value>
                  </entry>
                </metadata>
              </testStep>
              <children>
                <testStepRun startTime="2015-10-15T11:39:49.5636016-04:00" endTime="2015-10-15T11:40:12.9305218-04:00">
                  <testStep id="f9787dfec0a44d8e" name="MemberOrderFromCatalog" fullName="DocumentCentreTests/DocumentCentreTests/MemberOrderFromCatalog" testId="e8e8b2078061c12b" isPrimary="true" isTestCase="false" isDynamic="false">
                    <codeReference assembly="DocumentCentreTests, Version=1.0.0.0, Culture=neutral, PublicKeyToken=null" namespace="DocumentCentreTests" type="DocumentCentreTests.DocumentCentreTests" member="MemberOrderFromCatalog" />
                    <codeLocation path="c:\Users\msobat\Documents\Visual Studio 2013\Projects\DocumentCentreTests\DocumentCentreTests\DocumentCentreTests.cs" line="84" />
                    <metadata>
                      <entry key="TestKind">
                        <value>Test</value>
                      </entry>
                    </metadata>
                  </testStep>
                  <children>
                    <testStepRun startTime="2015-10-15T11:39:49.6146243-04:00" endTime="2015-10-15T11:40:10.557438-04:00">
                      <testStep id="2a9299dd49965d0" name="MemberOrderFromCatalog(&quot;safari&quot;, &quot;6&quot;, &quot;OS X 10.8&quot;)" fullName="DocumentCentreTests/DocumentCentreTests/MemberOrderFromCatalog/MemberOrderFromCatalog(&quot;safari&quot;, &quot;6&quot;, &quot;OS X 10.8&quot;)" testId="e8e8b2078061c12b" isPrimary="false" isTestCase="true" isDynamic="false">
                        <codeReference assembly="DocumentCentreTests, Version=1.0.0.0, Culture=neutral, PublicKeyToken=null" namespace="DocumentCentreTests" type="DocumentCentreTests.DocumentCentreTests" member="MemberOrderFromCatalog" />
                        <codeLocation path="c:\Users\msobat\Documents\Visual Studio 2013\Projects\DocumentCentreTests\DocumentCentreTests\DocumentCentreTests.cs" line="84" />
                        <metadata>
                          <entry key="TestKind">
                            <value>Test</value>
                          </entry>
                        </metadata>
                      </testStep>
                      <children />
                      <result assertCount="2" duration="20.9525252">
                        <outcome status="failed" />
                      </result>
                      <testLog>
                        <streams>
                          <stream name="Failures">
                            <body>
                              <contents>
                                <marker class="AssertionFailure">
                                  <contents>
                                    <section name="Expected a string to exactly match a regular expression pattern.">
                                      <contents>
                                        <text><![CDATA[
]]></text>
                                        <marker class="Monospace">
                                          <contents>
                                            <marker class="Label">
                                              <contents>
                                                <text><![CDATA[Actual Value  : ]]></text>
                                              </contents>
                                              <attributes />
                                            </marker>
                                            <text><![CDATA["http://portal.test-web01.lbmx.com/"
]]></text>
                                            <marker class="Label">
                                              <contents>
                                                <text><![CDATA[Regex Pattern : ]]></text>
                                              </contents>
                                              <attributes />
                                            </marker>
                                            <text><![CDATA["http://portal.test-web01.lbmx.com/Orders/Select/Catalog/"
]]></text>
                                          </contents>
                                          <attributes />
                                        </marker>
                                        <text><![CDATA[
]]></text>
                                        <marker class="StackTrace">
                                          <contents>
                                            <text><![CDATA[   at DocumentCentreTests.DocumentCentreTests.MemberOrderFromCatalog(String browser, String version, String platform) in ]]></text>
                                            <marker class="CodeLocation">
                                              <contents>
                                                <text><![CDATA[c:\Users\msobat\Documents\Visual Studio 2013\Projects\DocumentCentreTests\DocumentCentreTests\DocumentCentreTests.cs:line 95]]></text>
                                              </contents>
                                              <attributes>
                                                <attribute name="line" value="95" />
                                                <attribute name="path" value="c:\Users\msobat\Documents\Visual Studio 2013\Projects\DocumentCentreTests\DocumentCentreTests\DocumentCentreTests.cs" />
                                              </attributes>
                                            </marker>
                                            <text><![CDATA[
   at System.Threading.ExecutionContext.RunInternal(ExecutionContext executionContext, ContextCallback callback, Object state, Boolean preserveSyncCtx)
   at System.Threading.ExecutionContext.Run(ExecutionContext executionContext, ContextCallback callback, Object state, Boolean preserveSyncCtx)
   at System.Threading.ExecutionContext.Run(ExecutionContext executionContext, ContextCallback callback, Object state)
   at System.Threading.ThreadHelper.ThreadStart()]]></text>
                                          </contents>
                                          <attributes />
                                        </marker>
                                        <text><![CDATA[
]]></text>
                                      </contents>
                                    </section>
                                  </contents>
                                  <attributes />
                                </marker>
                              </contents>
                            </body>
                          </stream>
                        </streams>
                        <attachments />
                      </testLog>
                    </testStepRun>
                    <testStepRun startTime="2015-10-15T11:39:49.6156248-04:00" endTime="2015-10-15T11:40:11.3977992-04:00">
                      <testStep id="548cdf5b5070333a" name="MemberOrderFromCatalog(&quot;internet explorer&quot;, &quot;11&quot;, &quot;Windows 7&quot;)" fullName="DocumentCentreTests/DocumentCentreTests/MemberOrderFromCatalog/MemberOrderFromCatalog(&quot;internet explorer&quot;, &quot;11&quot;, &quot;Windows 7&quot;)" testId="e8e8b2078061c12b" isPrimary="false" isTestCase="true" isDynamic="false">
                        <codeReference assembly="DocumentCentreTests, Version=1.0.0.0, Culture=neutral, PublicKeyToken=null" namespace="DocumentCentreTests" type="DocumentCentreTests.DocumentCentreTests" member="MemberOrderFromCatalog" />
                        <codeLocation path="c:\Users\msobat\Documents\Visual Studio 2013\Projects\DocumentCentreTests\DocumentCentreTests\DocumentCentreTests.cs" line="84" />
                        <metadata>
                          <entry key="TestKind">
                            <value>Test</value>
                          </entry>
                        </metadata>
                      </testStep>
                      <children />
                      <result assertCount="2" duration="21.783568799999998">
                        <outcome status="passed" />
                      </result>
                      <testLog>
                        <streams />
                        <attachments />
                      </testLog>
                    </testStepRun>
                    <testStepRun startTime="2015-10-15T11:39:49.6186265-04:00" endTime="2015-10-15T11:40:12.9275192-04:00">
                      <testStep id="9271ad9a071b1928" name="MemberOrderFromCatalog(&quot;chrome&quot;, &quot;35&quot;, &quot;linux&quot;)" fullName="DocumentCentreTests/DocumentCentreTests/MemberOrderFromCatalog/MemberOrderFromCatalog(&quot;chrome&quot;, &quot;35&quot;, &quot;linux&quot;)" testId="e8e8b2078061c12b" isPrimary="false" isTestCase="true" isDynamic="false">
                        <codeReference assembly="DocumentCentreTests, Version=1.0.0.0, Culture=neutral, PublicKeyToken=null" namespace="DocumentCentreTests" type="DocumentCentreTests.DocumentCentreTests" member="MemberOrderFromCatalog" />
                        <codeLocation path="c:\Users\msobat\Documents\Visual Studio 2013\Projects\DocumentCentreTests\DocumentCentreTests\DocumentCentreTests.cs" line="84" />
                        <metadata>
                          <entry key="TestKind">
                            <value>Test</value>
                          </entry>
                        </metadata>
                      </testStep>
                      <children />
                      <result assertCount="2" duration="23.2974878">
                        <outcome status="failed" />
                      </result>
                      <testLog>
                        <streams>
                          <stream name="Failures">
                            <body>
                              <contents>
                                <marker class="AssertionFailure">
                                  <contents>
                                    <section name="Expected a string to exactly match a regular expression pattern.">
                                      <contents>
                                        <text><![CDATA[
]]></text>
                                        <marker class="Monospace">
                                          <contents>
                                            <marker class="Label">
                                              <contents>
                                                <text><![CDATA[Actual Value  : ]]></text>
                                              </contents>
                                              <attributes />
                                            </marker>
                                            <text><![CDATA["http://portal.test-web01.lbmx.com/Orders/Select/Catalog/#Tiles"
]]></text>
                                            <marker class="Label">
                                              <contents>
                                                <text><![CDATA[Regex Pattern : ]]></text>
                                              </contents>
                                              <attributes />
                                            </marker>
                                            <text><![CDATA["http://portal.test-web01.lbmx.com/Orders/Select/Catalog/"
]]></text>
                                          </contents>
                                          <attributes />
                                        </marker>
                                        <text><![CDATA[
]]></text>
                                        <marker class="StackTrace">
                                          <contents>
                                            <text><![CDATA[   at DocumentCentreTests.DocumentCentreTests.MemberOrderFromCatalog(String browser, String version, String platform) in ]]></text>
                                            <marker class="CodeLocation">
                                              <contents>
                                                <text><![CDATA[c:\Users\msobat\Documents\Visual Studio 2013\Projects\DocumentCentreTests\DocumentCentreTests\DocumentCentreTests.cs:line 95]]></text>
                                              </contents>
                                              <attributes>
                                                <attribute name="line" value="95" />
                                                <attribute name="path" value="c:\Users\msobat\Documents\Visual Studio 2013\Projects\DocumentCentreTests\DocumentCentreTests\DocumentCentreTests.cs" />
                                              </attributes>
                                            </marker>
                                            <text><![CDATA[
   at System.Threading.ExecutionContext.RunInternal(ExecutionContext executionContext, ContextCallback callback, Object state, Boolean preserveSyncCtx)
   at System.Threading.ExecutionContext.Run(ExecutionContext executionContext, ContextCallback callback, Object state, Boolean preserveSyncCtx)
   at System.Threading.QueueUserWorkItemCallback.System.Threading.IThreadPoolWorkItem.ExecuteWorkItem()
   at System.Threading.ThreadPoolWorkQueue.Dispatch()]]></text>
                                          </contents>
                                          <attributes />
                                        </marker>
                                        <text><![CDATA[
]]></text>
                                      </contents>
                                    </section>
                                  </contents>
                                  <attributes />
                                </marker>
                              </contents>
                            </body>
                          </stream>
                        </streams>
                        <attachments />
                      </testLog>
                    </testStepRun>
                  </children>
                  <result assertCount="6" duration="23.3434752">
                    <outcome status="failed" />
                  </result>
                  <testLog>
                    <streams />
                    <attachments />
                  </testLog>
                </testStepRun>
              </children>
              <result assertCount="6" duration="23.372383">
                <outcome status="failed" />
              </result>
              <testLog>
                <streams />
                <attachments />
              </testLog>
            </testStepRun>
          </children>
          <result assertCount="6" duration="23.3973495">
            <outcome status="failed" />
          </result>
          <testLog>
            <streams />
            <attachments />
          </testLog>
        </testStepRun>
      </children>
      <result assertCount="6" duration="25.2274009">
        <outcome status="failed" />
      </result>
      <testLog>
        <streams />
        <attachments />
      </testLog>
    </testStepRun>
    <statistics assertCount="6" duration="25.229630999999998" runCount="3" passedCount="1" failedCount="2" inconclusiveCount="0" skippedCount="0" testCount="3" stepCount="7">
      <outcomeSummaries>
        <outcomeSummary count="2">
          <outcome status="failed" />
        </outcomeSummary>
        <outcomeSummary count="1">
          <outcome status="passed" />
        </outcomeSummary>
      </outcomeSummaries>
    </statistics>
  </testPackageRun>
  <logEntries>
    <logEntry severity="info" message="Host started at 10/15/15 11:39:48 AM." />
    <logEntry severity="info" message="Running under CLR v4.0.30319 runtime." />
    <logEntry severity="debug" message="Listening for connections on IPC port: 'IsolatedProcessHost.ef288a82fe2be5da'" />
    <logEntry severity="info" message="Host stopped at 10/15/15 11:40:12 AM." />
    <logEntry severity="info" message="Host process exited with code: 0" />
  </logEntries>
</report>