<?xml version="1.0" encoding="utf-8"?>
<report xmlns:xsd="http://www.w3.org/2001/XMLSchema" xmlns:xsi="http://www.w3.org/2001/XMLSchema-instance" xmlns="http://www.gallio.org/">
  <testPackage shadowCopy="false" debug="false">
    <files>
      <file>C:\Users\msobat\documents\visual studio 2013\Projects\DocumentCentreTests\DocumentCentreTests\bin\Debug\DocumentCentreTests.dll</file>
    </files>
    <hintDirectories />
    <excludedFrameworkIds />
    <properties />
  </testPackage>
  <testModel>
    <test id="c2722843734a7a54" name="Root" fullName="" isTestCase="false">
      <codeReference />
      <codeLocation />
      <metadata>
        <entry key="TestKind">
          <value>Root</value>
        </entry>
      </metadata>
      <children>
        <test id="c1d55da997a3b89b" name="DocumentCentreTests" fullName="DocumentCentreTests" isTestCase="false">
          <codeReference assembly="DocumentCentreTests, Version=1.0.0.0, Culture=neutral, PublicKeyToken=null" />
          <codeLocation path="C:\Users\msobat\documents\visual studio 2013\Projects\DocumentCentreTests\DocumentCentreTests\bin\Debug\DocumentCentreTests.DLL" />
          <metadata>
            <entry key="TestKind">
              <value>MbUnit v3 Assembly</value>
            </entry>
            <entry key="File">
              <value>C:\Users\msobat\documents\visual studio 2013\Projects\DocumentCentreTests\DocumentCentreTests\bin\Debug\DocumentCentreTests.DLL</value>
            </entry>
            <entry key="CodeBase">
              <value>C:\Users\msobat\documents\visual studio 2013\Projects\DocumentCentreTests\DocumentCentreTests\bin\Debug\DocumentCentreTests.DLL</value>
            </entry>
            <entry key="Copyright">
              <value>Copyright ©  2015</value>
            </entry>
            <entry key="FileVersion">
              <value>1.0.0.0</value>
            </entry>
            <entry key="Product">
              <value>DocumentCentreTests</value>
            </entry>
            <entry key="Title">
              <value>DocumentCentreTests</value>
            </entry>
            <entry key="Version">
              <value>1.0.0.0</value>
            </entry>
            <entry key="Framework">
              <value>MbUnit v3.4 build 11</value>
            </entry>
          </metadata>
          <children>
            <test id="354ab0d18f85c7a3" name="DocumentCentreTests" fullName="DocumentCentreTests/DocumentCentreTests" isTestCase="false">
              <codeReference assembly="DocumentCentreTests, Version=1.0.0.0, Culture=neutral, PublicKeyToken=null" namespace="DocumentCentreTests.Pages" type="DocumentCentreTests.Pages.DocumentCentreTests" />
              <codeLocation path="c:\Users\msobat\Documents\Visual Studio 2013\Projects\DocumentCentreTests\DocumentCentreTests\DocumentCentreTests.cs" />
              <metadata>
                <entry key="TestKind">
                  <value>Fixture</value>
                </entry>
              </metadata>
              <children>
                <test id="82c1667e46755a27" name="LoginWorks" fullName="DocumentCentreTests/DocumentCentreTests/LoginWorks" isTestCase="true">
                  <codeReference assembly="DocumentCentreTests, Version=1.0.0.0, Culture=neutral, PublicKeyToken=null" namespace="DocumentCentreTests.Pages" type="DocumentCentreTests.Pages.DocumentCentreTests" member="LoginWorks" />
                  <codeLocation path="c:\Users\msobat\Documents\Visual Studio 2013\Projects\DocumentCentreTests\DocumentCentreTests\DocumentCentreTests.cs" line="72" />
                  <metadata>
                    <entry key="TestKind">
                      <value>Test</value>
                    </entry>
                  </metadata>
                  <children />
                  <parameters>
                    <parameter id="82c1667e46755a27@browser" name="browser">
                      <codeReference assembly="DocumentCentreTests, Version=1.0.0.0, Culture=neutral, PublicKeyToken=null" namespace="DocumentCentreTests.Pages" type="DocumentCentreTests.Pages.DocumentCentreTests" member="LoginWorks" parameter="browser" />
                      <codeLocation />
                      <metadata />
                    </parameter>
                    <parameter id="82c1667e46755a27@version" name="version">
                      <codeReference assembly="DocumentCentreTests, Version=1.0.0.0, Culture=neutral, PublicKeyToken=null" namespace="DocumentCentreTests.Pages" type="DocumentCentreTests.Pages.DocumentCentreTests" member="LoginWorks" parameter="version" />
                      <codeLocation />
                      <metadata />
                    </parameter>
                    <parameter id="82c1667e46755a27@platform" name="platform">
                      <codeReference assembly="DocumentCentreTests, Version=1.0.0.0, Culture=neutral, PublicKeyToken=null" namespace="DocumentCentreTests.Pages" type="DocumentCentreTests.Pages.DocumentCentreTests" member="LoginWorks" parameter="platform" />
                      <codeLocation />
                      <metadata />
                    </parameter>
                  </parameters>
                </test>
              </children>
              <parameters />
            </test>
          </children>
          <parameters />
        </test>
      </children>
      <parameters />
    </test>
    <annotations />
  </testModel>
  <testPackageRun startTime="2015-10-26T09:56:03.3207211-04:00" endTime="2015-10-26T09:56:25.6069536-04:00">
    <testStepRun startTime="2015-10-26T09:56:05.0745238-04:00" endTime="2015-10-26T09:56:25.607955-04:00">
      <testStep id="4c514c893f2969c" name="Root" fullName="" testId="c2722843734a7a54" isPrimary="true" isTestCase="false" isDynamic="false">
        <codeReference />
        <codeLocation />
        <metadata>
          <entry key="TestKind">
            <value>Root</value>
          </entry>
        </metadata>
      </testStep>
      <children>
        <testStepRun startTime="2015-10-26T09:56:05.2307911-04:00" endTime="2015-10-26T09:56:25.5619221-04:00">
          <testStep id="52685d82fd508779" name="DocumentCentreTests" fullName="DocumentCentreTests" testId="c1d55da997a3b89b" isPrimary="true" isTestCase="false" isDynamic="false">
            <codeReference assembly="DocumentCentreTests, Version=1.0.0.0, Culture=neutral, PublicKeyToken=null" />
            <codeLocation path="C:\Users\msobat\documents\visual studio 2013\Projects\DocumentCentreTests\DocumentCentreTests\bin\Debug\DocumentCentreTests.DLL" />
            <metadata>
              <entry key="TestKind">
                <value>MbUnit v3 Assembly</value>
              </entry>
              <entry key="File">
                <value>C:\Users\msobat\documents\visual studio 2013\Projects\DocumentCentreTests\DocumentCentreTests\bin\Debug\DocumentCentreTests.DLL</value>
              </entry>
              <entry key="CodeBase">
                <value>C:\Users\msobat\documents\visual studio 2013\Projects\DocumentCentreTests\DocumentCentreTests\bin\Debug\DocumentCentreTests.DLL</value>
              </entry>
              <entry key="Copyright">
                <value>Copyright ©  2015</value>
              </entry>
              <entry key="FileVersion">
                <value>1.0.0.0</value>
              </entry>
              <entry key="Product">
                <value>DocumentCentreTests</value>
              </entry>
              <entry key="Title">
                <value>DocumentCentreTests</value>
              </entry>
              <entry key="Version">
                <value>1.0.0.0</value>
              </entry>
              <entry key="Framework">
                <value>MbUnit v3.4 build 11</value>
              </entry>
            </metadata>
          </testStep>
          <children>
            <testStepRun startTime="2015-10-26T09:56:05.2776524-04:00" endTime="2015-10-26T09:56:25.5143041-04:00">
              <testStep id="be1cf1d679e339b8" name="DocumentCentreTests" fullName="DocumentCentreTests/DocumentCentreTests" testId="354ab0d18f85c7a3" isPrimary="true" isTestCase="false" isDynamic="false">
                <codeReference assembly="DocumentCentreTests, Version=1.0.0.0, Culture=neutral, PublicKeyToken=null" namespace="DocumentCentreTests.Pages" type="DocumentCentreTests.Pages.DocumentCentreTests" />
                <codeLocation path="c:\Users\msobat\Documents\Visual Studio 2013\Projects\DocumentCentreTests\DocumentCentreTests\DocumentCentreTests.cs" />
                <metadata>
                  <entry key="TestKind">
                    <value>Fixture</value>
                  </entry>
                </metadata>
              </testStep>
              <children>
                <testStepRun startTime="2015-10-26T09:56:05.308936-04:00" endTime="2015-10-26T09:56:25.4912885-04:00">
                  <testStep id="204b2adc48c5964f" name="LoginWorks" fullName="DocumentCentreTests/DocumentCentreTests/LoginWorks" testId="82c1667e46755a27" isPrimary="true" isTestCase="false" isDynamic="false">
                    <codeReference assembly="DocumentCentreTests, Version=1.0.0.0, Culture=neutral, PublicKeyToken=null" namespace="DocumentCentreTests.Pages" type="DocumentCentreTests.Pages.DocumentCentreTests" member="LoginWorks" />
                    <codeLocation path="c:\Users\msobat\Documents\Visual Studio 2013\Projects\DocumentCentreTests\DocumentCentreTests\DocumentCentreTests.cs" line="72" />
                    <metadata>
                      <entry key="TestKind">
                        <value>Test</value>
                      </entry>
                    </metadata>
                  </testStep>
                  <children>
                    <testStepRun startTime="2015-10-26T09:56:05.4662637-04:00" endTime="2015-10-26T09:56:25.4882858-04:00">
                      <testStep id="86f86e2e08601adc" name="LoginWorks(&quot;chrome&quot;, &quot;35&quot;, &quot;linux&quot;)" fullName="DocumentCentreTests/DocumentCentreTests/LoginWorks/LoginWorks(&quot;chrome&quot;, &quot;35&quot;, &quot;linux&quot;)" testId="82c1667e46755a27" isPrimary="false" isTestCase="true" isDynamic="false">
                        <codeReference assembly="DocumentCentreTests, Version=1.0.0.0, Culture=neutral, PublicKeyToken=null" namespace="DocumentCentreTests.Pages" type="DocumentCentreTests.Pages.DocumentCentreTests" member="LoginWorks" />
                        <codeLocation path="c:\Users\msobat\Documents\Visual Studio 2013\Projects\DocumentCentreTests\DocumentCentreTests\DocumentCentreTests.cs" line="72" />
                        <metadata>
                          <entry key="TestKind">
                            <value>Test</value>
                          </entry>
                        </metadata>
                      </testStep>
                      <children />
                      <result assertCount="1" duration="20.0314808">
                        <outcome status="passed" />
                      </result>
                      <testLog>
                        <streams />
                        <attachments />
                      </testLog>
                    </testStepRun>
                    <testStepRun startTime="2015-10-26T09:56:05.4694171-04:00" endTime="2015-10-26T09:56:24.6897143-04:00">
                      <testStep id="a456f166da15e029" name="LoginWorks(&quot;safari&quot;, &quot;6&quot;, &quot;OS X 10.8&quot;)" fullName="DocumentCentreTests/DocumentCentreTests/LoginWorks/LoginWorks(&quot;safari&quot;, &quot;6&quot;, &quot;OS X 10.8&quot;)" testId="82c1667e46755a27" isPrimary="false" isTestCase="true" isDynamic="false">
                        <codeReference assembly="DocumentCentreTests, Version=1.0.0.0, Culture=neutral, PublicKeyToken=null" namespace="DocumentCentreTests.Pages" type="DocumentCentreTests.Pages.DocumentCentreTests" member="LoginWorks" />
                        <codeLocation path="c:\Users\msobat\Documents\Visual Studio 2013\Projects\DocumentCentreTests\DocumentCentreTests\DocumentCentreTests.cs" line="72" />
                        <metadata>
                          <entry key="TestKind">
                            <value>Test</value>
                          </entry>
                        </metadata>
                      </testStep>
                      <children />
                      <result assertCount="1" duration="19.2402972">
                        <outcome status="passed" />
                      </result>
                      <testLog>
                        <streams />
                        <attachments />
                      </testLog>
                    </testStepRun>
                    <testStepRun startTime="2015-10-26T09:56:05.4694171-04:00" endTime="2015-10-26T09:56:25.109552-04:00">
                      <testStep id="cf02926afcb13f5e" name="LoginWorks(&quot;internet explorer&quot;, &quot;11&quot;, &quot;Windows 7&quot;)" fullName="DocumentCentreTests/DocumentCentreTests/LoginWorks/LoginWorks(&quot;internet explorer&quot;, &quot;11&quot;, &quot;Windows 7&quot;)" testId="82c1667e46755a27" isPrimary="false" isTestCase="true" isDynamic="false">
                        <codeReference assembly="DocumentCentreTests, Version=1.0.0.0, Culture=neutral, PublicKeyToken=null" namespace="DocumentCentreTests.Pages" type="DocumentCentreTests.Pages.DocumentCentreTests" member="LoginWorks" />
                        <codeLocation path="c:\Users\msobat\Documents\Visual Studio 2013\Projects\DocumentCentreTests\DocumentCentreTests\DocumentCentreTests.cs" line="72" />
                        <metadata>
                          <entry key="TestKind">
                            <value>Test</value>
                          </entry>
                        </metadata>
                      </testStep>
                      <children />
                      <result assertCount="1" duration="19.6546311">
                        <outcome status="passed" />
                      </result>
                      <testLog>
                        <streams />
                        <attachments />
                      </testLog>
                    </testStepRun>
                  </children>
                  <result assertCount="3" duration="20.174827399999998">
                    <outcome status="passed" />
                  </result>
                  <testLog>
                    <streams />
                    <attachments />
                  </testLog>
                </testStepRun>
              </children>
              <result assertCount="3" duration="20.2262108">
                <outcome status="passed" />
              </result>
              <testLog>
                <streams />
                <attachments />
              </testLog>
            </testStepRun>
          </children>
          <result assertCount="3" duration="20.276262799999998">
            <outcome status="passed" />
          </result>
          <testLog>
            <streams />
            <attachments />
          </testLog>
        </testStepRun>
      </children>
      <result assertCount="3" duration="22.285859799999997">
        <outcome status="passed" />
      </result>
      <testLog>
        <streams />
        <attachments />
      </testLog>
    </testStepRun>
    <statistics assertCount="3" duration="22.287432199999998" runCount="3" passedCount="3" failedCount="0" inconclusiveCount="0" skippedCount="0" testCount="3" stepCount="7">
      <outcomeSummaries>
        <outcomeSummary count="3">
          <outcome status="passed" />
        </outcomeSummary>
      </outcomeSummaries>
    </statistics>
  </testPackageRun>
  <logEntries>
    <logEntry severity="info" message="Host started at 10/26/15 9:56:03 AM." />
    <logEntry severity="info" message="Running under CLR v4.0.30319 runtime." />
    <logEntry severity="debug" message="Listening for connections on IPC port: 'IsolatedProcessHost.e94e983f9f1e8fc9'" />
    <logEntry severity="info" message="Host stopped at 10/26/15 9:56:25 AM." />
    <logEntry severity="info" message="Host process exited with code: 0" />
  </logEntries>
</report>